#
# There is insufficient memory for the Java Runtime Environment to continue.
# Native memory allocation (mmap) failed to map 65536 bytes for Failed to commit area from 0x00000294621b0000 to 0x00000294621c0000 of length 65536.
# Possible reasons:
#   The system is out of physical RAM or swap space
#   The process is running with CompressedOops enabled, and the Java Heap may be blocking the growth of the native heap
# Possible solutions:
#   Reduce memory load on the system
#   Increase physical memory or swap space
#   Check if swap backing store is full
#   Decrease Java heap size (-Xmx/-Xms)
#   Decrease number of Java threads
#   Decrease Java thread stack sizes (-Xss)
#   Set larger code cache with -XX:ReservedCodeCacheSize=
# This output file may be truncated or incomplete.
#
#  Out of Memory Error (./src/hotspot/os/windows/os_windows.cpp:3301), pid=16092, tid=16444
#
# JRE version:  (11.0.10) (build )
# Java VM: OpenJDK 64-Bit Server VM (11.0.10+0-b96-7249189, mixed mode, sharing, tiered, compressed oops, g1 gc, windows-amd64)
# No core dump will be written. Minidumps are not enabled by default on client versions of Windows
#

---------------  S U M M A R Y ------------

Command Line: -Dorg.gradle.appname=gradlew org.gradle.wrapper.GradleWrapperMain -q -Ptarget-platform=android-x86 -Ptarget=D:\events\lib\main.dart -Pdart-defines=Zmx1dHRlci5pbnNwZWN0b3Iuc3RydWN0dXJlZEVycm9ycz10cnVl,RkxVVFRFUl9XRUJfQVVUT19ERVRFQ1Q9dHJ1ZQ== -Pdart-obfuscation=false -Ptrack-widget-creation=true -Ptree-shake-icons=false -Pfilesystem-scheme=org-dartlang-root assembleDebug

Host: Intel(R) Core(TM) i7-7700K CPU @ 4.20GHz, 8 cores, 23G,  Windows 10 , 64 bit Build 19041 (10.0.19041.546)
Time: Thu Nov 18 17:33:58 2021 India Standard Time elapsed time: 0.030532 seconds (0d 0h 0m 0s)

---------------  T H R E A D  ---------------

Current thread (0x000002944e745800):  JavaThread "Unknown thread" [_thread_in_vm, id=16444, stack(0x000000d52ae00000,0x000000d52af00000)]

Stack: [0x000000d52ae00000,0x000000d52af00000]
Native frames: (J=compiled Java code, j=interpreted, Vv=VM code, C=native code)
V  [jvm.dll+0x5ecfaa]
V  [jvm.dll+0x722bd5]
V  [jvm.dll+0x72412d]
V  [jvm.dll+0x7247e3]
V  [jvm.dll+0x242928]
V  [jvm.dll+0x5ea374]
V  [jvm.dll+0x5df425]
V  [jvm.dll+0x2fdebb]
V  [jvm.dll+0x2fde2a]
V  [jvm.dll+0x2fdd02]
V  [jvm.dll+0x302d05]
V  [jvm.dll+0x34b2eb]
V  [jvm.dll+0x34b9a6]
V  [jvm.dll+0x34b3a3]
V  [jvm.dll+0x2d8888]
V  [jvm.dll+0x2d9a37]
V  [jvm.dll+0x701737]
V  [jvm.dll+0x702f2c]
V  [jvm.dll+0x3587d9]
V  [jvm.dll+0x6e4fae]
V  [jvm.dll+0x3c0be3]
V  [jvm.dll+0x3c2e91]
C  [jli.dll+0x5373]
C  [ucrtbase.dll+0x214c2]
C  [KERNEL32.DLL+0x17034]
C  [ntdll.dll+0x4cec1]


---------------  P R O C E S S  ---------------

Threads class SMR info:
_java_thread_list=0x000002944c52e410, length=0, elements={
}

Java Threads: ( => current thread )

Other Threads:
  0x000002944e75b800 GCTaskThread "GC Thread#0" [stack: 0x000000d52b000000,0x000000d52b100000] [id=16484]
  0x000002944e7e2800 ConcurrentGCThread "G1 Main Marker" [stack: 0x000000d52b100000,0x000000d52b200000] [id=16488]
  0x000002944e7e5000 ConcurrentGCThread "G1 Conc#0" [stack: 0x000000d52b200000,0x000000d52b300000] [id=16492]

[error occurred during error reporting (printing all threads), id 0xc0000005, EXCEPTION_ACCESS_VIOLATION (0xc0000005) at pc=0x00007ff9e4609107]

VM state:not at safepoint (not fully initialized)

VM Mutex/Monitor currently owned by a thread:  ([mutex/lock_event])
[0x000002944e742760] Heap_lock - owner thread: 0x000002944e745800

Heap address: 0x0000000681400000, size: 6124 MB, Compressed Oops mode: Non-zero based: 0x0000000681400000
Narrow klass base: 0x0000000000000000, Narrow klass shift: 0

GC Heap History (0 events):
No events

Deoptimization events (0 events):
No events

Classes redefined (0 events):
No events

Internal exceptions (0 events):
No events

Events (1 events):
Event: 0.011 Loaded shared library C:\Program Files\Android\Android Studio\jre\bin\zip.dll


Dynamic libraries:
0x00007ff7ef5b0000 - 0x00007ff7ef5ba000 	C:\Program Files\Android\Android Studio\jre\bin\java.exe
0x00007ffa7fe30000 - 0x00007ffa80026000 	C:\Windows\SYSTEM32\ntdll.dll
0x00007ffa7e0a0000 - 0x00007ffa7e15d000 	C:\Windows\System32\KERNEL32.DLL
0x00007ffa7d7b0000 - 0x00007ffa7da78000 	C:\Windows\System32\KERNELBASE.dll
0x00007ffa7dd10000 - 0x00007ffa7de10000 	C:\Windows\System32\ucrtbase.dll
0x00007ffa78c40000 - 0x00007ffa78c59000 	C:\Program Files\Android\Android Studio\jre\bin\jli.dll
0x00007ffa7ecd0000 - 0x00007ffa7ee70000 	C:\Windows\System32\USER32.dll
0x00007ffa7d720000 - 0x00007ffa7d742000 	C:\Windows\System32\win32u.dll
0x00007ffa7e2c0000 - 0x00007ffa7e2ea000 	C:\Windows\System32\GDI32.dll
0x00007ffa7d570000 - 0x00007ffa7d679000 	C:\Windows\System32\gdi32full.dll
0x00007ffa7d680000 - 0x00007ffa7d71d000 	C:\Windows\System32\msvcp_win.dll
0x00007ffa78c20000 - 0x00007ffa78c37000 	C:\Program Files\Android\Android Studio\jre\bin\VCRUNTIME140.dll
0x00007ffa66a20000 - 0x00007ffa66cbb000 	C:\Windows\WinSxS\amd64_microsoft.windows.common-controls_6595b64144ccf1df_6.0.19041.488_none_ca04af081b815d21\COMCTL32.dll
0x00007ffa7e2f0000 - 0x00007ffa7e38e000 	C:\Windows\System32\msvcrt.dll
0x00007ffa7efc0000 - 0x00007ffa7eff0000 	C:\Windows\System32\IMM32.DLL
0x00007ff9e8460000 - 0x00007ff9e84fd000 	C:\Program Files\Android\Android Studio\jre\bin\msvcp140.dll
0x00007ff9e4320000 - 0x00007ff9e4def000 	C:\Program Files\Android\Android Studio\jre\bin\server\jvm.dll
0x00007ffa7e210000 - 0x00007ffa7e2bc000 	C:\Windows\System32\ADVAPI32.dll
0x00007ffa7ef20000 - 0x00007ffa7efbb000 	C:\Windows\System32\sechost.dll
0x00007ffa7f740000 - 0x00007ffa7f864000 	C:\Windows\System32\RPCRT4.dll
0x00007ffa7e850000 - 0x00007ffa7e858000 	C:\Windows\System32\PSAPI.DLL
0x00007ffa3f830000 - 0x00007ffa3f839000 	C:\Windows\SYSTEM32\WSOCK32.dll
0x00007ffa7df50000 - 0x00007ffa7dfbb000 	C:\Windows\System32\WS2_32.dll
0x00007ffa72850000 - 0x00007ffa72877000 	C:\Windows\SYSTEM32\WINMM.dll
0x00007ffa78560000 - 0x00007ffa7856a000 	C:\Windows\SYSTEM32\VERSION.dll
0x00007ffa7b4a0000 - 0x00007ffa7b4b2000 	C:\Windows\SYSTEM32\kernel.appcore.dll
0x00007ffa78c00000 - 0x00007ffa78c11000 	C:\Program Files\Android\Android Studio\jre\bin\verify.dll
0x00007ffa665e0000 - 0x00007ffa667c4000 	C:\Windows\SYSTEM32\DBGHELP.DLL
0x00007ffa693f0000 - 0x00007ffa6941c000 	C:\Windows\SYSTEM32\dbgcore.DLL
0x00007ffa7de10000 - 0x00007ffa7de8f000 	C:\Windows\System32\bcryptPrimitives.dll
0x00007ffa4cae0000 - 0x00007ffa4cb09000 	C:\Program Files\Android\Android Studio\jre\bin\java.dll
0x00007ffa162b0000 - 0x00007ffa162bb000 	C:\Program Files\Android\Android Studio\jre\bin\jimage.dll
0x00007ff9fd0f0000 - 0x00007ff9fd108000 	C:\Program Files\Android\Android Studio\jre\bin\zip.dll

dbghelp: loaded successfully - version: 4.0.5 - missing functions: none
symbol engine: initialized successfully - sym options: 0x614 - pdb path: .;C:\Program Files\Android\Android Studio\jre\bin;C:\Windows\SYSTEM32;C:\Windows\WinSxS\amd64_microsoft.windows.common-controls_6595b64144ccf1df_6.0.19041.488_none_ca04af081b815d21;C:\Program Files\Android\Android Studio\jre\bin\server

VM Arguments:
jvm_args: -Dorg.gradle.appname=gradlew 
java_command: org.gradle.wrapper.GradleWrapperMain -q -Ptarget-platform=android-x86 -Ptarget=D:\events\lib\main.dart -Pdart-defines=Zmx1dHRlci5pbnNwZWN0b3Iuc3RydWN0dXJlZEVycm9ycz10cnVl,RkxVVFRFUl9XRUJfQVVUT19ERVRFQ1Q9dHJ1ZQ== -Pdart-obfuscation=false -Ptrack-widget-creation=true -Ptree-shake-icons=false -Pfilesystem-scheme=org-dartlang-root assembleDebug
java_class_path (initial): D:\events\android\\gradle\wrapper\gradle-wrapper.jar
Launcher Type: SUN_STANDARD

[Global flags]
     intx CICompilerCount                          = 4                                         {product} {ergonomic}
     uint ConcGCThreads                            = 2                                         {product} {ergonomic}
     uint G1ConcRefinementThreads                  = 8                                         {product} {ergonomic}
   size_t G1HeapRegionSize                         = 1048576                                   {product} {ergonomic}
    uintx GCDrainStackTargetSize                   = 64                                        {product} {ergonomic}
   size_t InitialHeapSize                          = 402653184                                 {product} {ergonomic}
   size_t MarkStackSize                            = 4194304                                   {product} {ergonomic}
   size_t MaxHeapSize                              = 6421479424                                {product} {ergonomic}
   size_t MinHeapDeltaBytes                        = 1048576                                   {product} {ergonomic}
    uintx NonNMethodCodeHeapSize                   = 5836300                                {pd product} {ergonomic}
    uintx NonProfiledCodeHeapSize                  = 122910970                              {pd product} {ergonomic}
    uintx ProfiledCodeHeapSize                     = 122910970                              {pd product} {ergonomic}
    uintx ReservedCodeCacheSize                    = 251658240                              {pd product} {ergonomic}
     bool SegmentedCodeCache                       = true                                      {product} {ergonomic}
     bool UseCompressedClassPointers               = true                                 {lp64_product} {ergonomic}
     bool UseCompressedOops                        = true                                 {lp64_product} {ergonomic}
     bool UseG1GC                                  = true                                      {product} {ergonomic}
     bool UseLargePagesIndividualAllocation        = false                                  {pd product} {ergonomic}

Logging:
Log output configuration:
 #0: stdout all=warning uptime,level,tags
 #1: stderr all=off uptime,level,tags

Environment Variables:
JAVA_HOME=C:\Program Files\Android\Android Studio\jre
CLASSPATH=D:\events\android\\gradle\wrapper\gradle-wrapper.jar
PATH=C:\Program Files\NVIDIA GPU Computing Toolkit\CUDA\v11.1\bin;C:\Program Files\NVIDIA GPU Computing Toolkit\CUDA\v11.1\libnvvp;C:\ProgramData\Anaconda3;C:\ProgramData\Anaconda3\Library\mingw-w64\bin;C:\ProgramData\Anaconda3\Library\usr\bin;C:\ProgramData\Anaconda3\Library\bin;C:\ProgramData\Anaconda3\Scripts;C:\Program Files (x86)\Common Files\Oracle\Java\javapath;C:\PROGRA~1\PTC\UTILIT~1\MKSTOO~1\bin64;C:\PROGRA~1\PTC\UTILIT~1\MKSTOO~1\bin;C:\PROGRA~1\PTC\UTILIT~1\MKSTOO~1\bin\X11;C:\PROGRA~1\PTC\UTILIT~1\MKSTOO~1\mksnt;C:\Program Files (x86)\Common Files\Intel\Shared Libraries\redist\intel64_win\compiler;C:\Windows\system32;C:\Windows;C:\Windows\System32\Wbem;C:\Windows\System32\WindowsPowerShell\v1.0\;C:\Windows\System32\OpenSSH\;C:\Program Files\Microsoft VS Code\bin;C:\Program Files\Microsoft SQL Server\Client SDK\ODBC\110\Tools\Binn\;C:\Program Files (x86)\Microsoft SQL Server\120\Tools\Binn\;C:\Program Files\Microsoft SQL Server\120\Tools\Binn\;C:\Program Files\Microsoft SQL Server\120\DTS\Binn\;C:\Program Files (x86)\Windows Kits\8.1\Windows Performance Toolkit\;C:\Program Files\Common Files\Autodesk Shared\;C:\Program Files (x86)\NVIDIA Corporation\PhysX\Common;C:\Program Files\NVIDIA Corporation\NVIDIA NvDLISR;C:\Program Files\dotnet\;C:\Program Files\NVIDIA Corporation\Nsight Compute 2020.2.0\;C:\Users\Sumit\.dnx\bin;C:\Program Files\Microsoft DNX\Dnvm\;C:\Program Files\Microsoft SQL Server\130\Tools\Binn\;C:\Program Files (x86)\Microsoft Emulator Manager\1.0\;C:\Program Files\Git\cmd;D:\flutter\bin;C:\Users\Sumit\.dotnet\tools;C:\cuda\bin;C:\cuda\include;C:\cuda\lib\x64;;D:\flutter\bin\mingit\cmd
USERNAME=Sumit
DISPLAY=:0.0
OS=Windows_NT
PROCESSOR_IDENTIFIER=Intel64 Family 6 Model 158 Stepping 9, GenuineIntel



---------------  S Y S T E M  ---------------

OS: Windows 10 , 64 bit Build 19041 (10.0.19041.546)
OS uptime: 0 days 7:26 hours
Hyper-V role detected

CPU:total 8 (initial active 8) (4 cores per cpu, 2 threads per core) family 6 model 158 stepping 9 microcode 0xde, cmov, cx8, fxsr, mmx, sse, sse2, sse3, ssse3, sse4.1, sse4.2, popcnt, avx, avx2, aes, clmul, erms, rtm, 3dnowpref, lzcnt, ht, tsc, tscinvbit, bmi1, bmi2, adx, fma

Memory: 4k page, system-wide physical 24491M (4538M free)
TotalPageFile size 36920M (AvailPageFile size 2M)
current process WorkingSet (physical memory assigned to process): 22M, peak: 22M
current process commit charge ("private bytes"): 459M, peak: 459M

vm_info: OpenJDK 64-Bit Server VM (11.0.10+0-b96-7249189) for windows-amd64 JRE (11.0.10+0-b96-7249189), built on Mar 31 2021 21:44:00 by "builder" with MS VC++ 14.0 (VS2015)

END.
